<?xml version="1.0" encoding="UTF-8"?>
<!-- Generated by org.testng.reporters.JUnitXMLReporter -->
<testsuite ignored="0" hostname="LAPTOP-O3J98I7D" failures="0" tests="5" name="Open Cart Home Page Test" time="47.538" errors="0" timestamp="2024-02-13T12:51:37 IST">
  <testcase classname="com.qa.opencart.tests.HomePageTest" name="homePageTitleTest" time="0.022"/>
  <testcase classname="com.qa.opencart.tests.HomePageTest" name="homePageURLTest" time="0.696"/>
  <testcase classname="com.qa.opencart.tests.HomePageTest" name="searchTest" time="5.134"/>
  <testcase classname="com.qa.opencart.tests.HomePageTest" name="searchTest" time="3.412"/>
  <testcase classname="com.qa.opencart.tests.HomePageTest" name="searchTest" time="3.432"/>
</testsuite> <!-- Open Cart Home Page Test -->
