<?xml version="1.0" encoding="UTF-8"?>
<testng-results ignored="0" total="8" passed="8" failed="0" skipped="0">
  <reporter-output>
  </reporter-output>
  <suite started-at="2024-02-13T12:50:50 IST" name="Open Cart Test Regression PW Suite" finished-at="2024-02-13T12:51:37 IST" duration-ms="47538">
    <groups>
    </groups>
    <test started-at="2024-02-13T12:50:50 IST" name="Open Cart Login Page Test" finished-at="2024-02-13T12:51:27 IST" duration-ms="37167">
      <class name="com.qa.opencart.tests.LoginPageTest">
        <test-method is-config="true" signature="setup()[pri:0, instance:com.qa.opencart.tests.LoginPageTest@4b6690c0]" started-at="2024-02-13T12:50:50 IST" name="setup" finished-at="2024-02-13T12:51:20 IST" duration-ms="30441" status="PASS">
          <reporter-output>
          </reporter-output>
        </test-method> <!-- setup -->
        <test-method signature="loginPageNavigationTest()[pri:1, instance:com.qa.opencart.tests.LoginPageTest@4b6690c0]" started-at="2024-02-13T12:51:20 IST" name="loginPageNavigationTest" finished-at="2024-02-13T12:51:21 IST" duration-ms="608" status="PASS">
          <reporter-output>
          </reporter-output>
        </test-method> <!-- loginPageNavigationTest -->
        <test-method signature="forgotPwdLinkExistTest()[pri:2, instance:com.qa.opencart.tests.LoginPageTest@4b6690c0]" started-at="2024-02-13T12:51:23 IST" name="forgotPwdLinkExistTest" finished-at="2024-02-13T12:51:23 IST" duration-ms="324" status="PASS">
          <reporter-output>
          </reporter-output>
        </test-method> <!-- forgotPwdLinkExistTest -->
        <test-method signature="appLoginTest()[pri:3, instance:com.qa.opencart.tests.LoginPageTest@4b6690c0]" started-at="2024-02-13T12:51:23 IST" name="appLoginTest" finished-at="2024-02-13T12:51:24 IST" duration-ms="727" status="PASS">
          <reporter-output>
          </reporter-output>
        </test-method> <!-- appLoginTest -->
        <test-method is-config="true" signature="tearDown()[pri:0, instance:com.qa.opencart.tests.LoginPageTest@4b6690c0]" started-at="2024-02-13T12:51:24 IST" name="tearDown" finished-at="2024-02-13T12:51:27 IST" duration-ms="2535" status="PASS">
          <reporter-output>
          </reporter-output>
        </test-method> <!-- tearDown -->
      </class> <!-- com.qa.opencart.tests.LoginPageTest -->
    </test> <!-- Open Cart Login Page Test -->
    <test started-at="2024-02-13T12:50:50 IST" name="Open Cart Home Page Test" finished-at="2024-02-13T12:51:37 IST" duration-ms="47538">
      <class name="com.qa.opencart.tests.HomePageTest">
        <test-method is-config="true" signature="setup()[pri:0, instance:com.qa.opencart.tests.HomePageTest@6aa3a905]" started-at="2024-02-13T12:50:50 IST" name="setup" finished-at="2024-02-13T12:51:20 IST" duration-ms="30643" status="PASS">
          <reporter-output>
          </reporter-output>
        </test-method> <!-- setup -->
        <test-method signature="homePageTitleTest()[pri:0, instance:com.qa.opencart.tests.HomePageTest@6aa3a905]" started-at="2024-02-13T12:51:20 IST" name="homePageTitleTest" finished-at="2024-02-13T12:51:20 IST" duration-ms="22" status="PASS">
          <reporter-output>
          </reporter-output>
        </test-method> <!-- homePageTitleTest -->
        <test-method signature="homePageURLTest()[pri:0, instance:com.qa.opencart.tests.HomePageTest@6aa3a905]" started-at="2024-02-13T12:51:22 IST" name="homePageURLTest" finished-at="2024-02-13T12:51:23 IST" duration-ms="696" status="PASS">
          <reporter-output>
          </reporter-output>
        </test-method> <!-- homePageURLTest -->
        <test-method signature="searchTest(java.lang.String)[pri:0, instance:com.qa.opencart.tests.HomePageTest@6aa3a905]" started-at="2024-02-13T12:51:23 IST" name="searchTest" data-provider="getProductData" finished-at="2024-02-13T12:51:28 IST" duration-ms="5134" status="PASS">
          <params>
            <param index="0">
              <value>
                <![CDATA[Mackbook]]>
              </value>
            </param>
          </params>
          <reporter-output>
          </reporter-output>
        </test-method> <!-- searchTest -->
        <test-method signature="searchTest(java.lang.String)[pri:0, instance:com.qa.opencart.tests.HomePageTest@6aa3a905]" started-at="2024-02-13T12:51:29 IST" name="searchTest" data-provider="getProductData" finished-at="2024-02-13T12:51:32 IST" duration-ms="3412" status="PASS">
          <params>
            <param index="0">
              <value>
                <![CDATA[iMac]]>
              </value>
            </param>
          </params>
          <reporter-output>
          </reporter-output>
        </test-method> <!-- searchTest -->
        <test-method signature="searchTest(java.lang.String)[pri:0, instance:com.qa.opencart.tests.HomePageTest@6aa3a905]" started-at="2024-02-13T12:51:33 IST" name="searchTest" data-provider="getProductData" finished-at="2024-02-13T12:51:36 IST" duration-ms="3432" status="PASS">
          <params>
            <param index="0">
              <value>
                <![CDATA[Samsumg]]>
              </value>
            </param>
          </params>
          <reporter-output>
          </reporter-output>
        </test-method> <!-- searchTest -->
        <test-method is-config="true" signature="tearDown()[pri:0, instance:com.qa.opencart.tests.HomePageTest@6aa3a905]" started-at="2024-02-13T12:51:36 IST" name="tearDown" finished-at="2024-02-13T12:51:37 IST" duration-ms="1107" status="PASS">
          <reporter-output>
          </reporter-output>
        </test-method> <!-- tearDown -->
      </class> <!-- com.qa.opencart.tests.HomePageTest -->
    </test> <!-- Open Cart Home Page Test -->
  </suite> <!-- Open Cart Test Regression PW Suite -->
</testng-results>
